99.12.24 07:46 B D:\MSK\Demo_V5\Train_NH90\assemblage_entre_chape_simplifie.CATProduct --> msk /home/msk/db/Train_NH90 assemblage_entre_chape_simplifie.CATProduct
99.12.24 07:46 B D:\MSK\Demo_V5\Train_NH90\Boulon.CATPart --> msk /home/msk/db/Train_NH90 Boulon.CATPart
99.12.24 07:46 B D:\MSK\Demo_V5\Train_NH90\capture_train_nh90_01.jpg --> msk /home/msk/db/Train_NH90 capture_train_nh90_01.jpg
99.12.24 07:46 B D:\MSK\Demo_V5\Train_NH90\capture_train_nh90_02.jpg --> msk /home/msk/db/Train_NH90 capture_train_nh90_02.jpg
99.12.24 07:46 B D:\MSK\Demo_V5\Train_NH90\capture_train_nh90_03.jpg --> msk /home/msk/db/Train_NH90 capture_train_nh90_03.jpg
99.12.24 07:46 B D:\MSK\Demo_V5\Train_NH90\capture_train_nh90_04.jpg --> msk /home/msk/db/Train_NH90 capture_train_nh90_04.jpg
99.12.24 07:46 B D:\MSK\Demo_V5\Train_NH90\capture_train_nh90_05.jpg --> msk /home/msk/db/Train_NH90 capture_train_nh90_05.jpg
99.12.24 07:46 B D:\MSK\Demo_V5\Train_NH90\Chape.CATPart --> msk /home/msk/db/Train_NH90 Chape.CATPart
99.12.24 07:46 B D:\MSK\Demo_V5\Train_NH90\Coulisseau.CATPart --> msk /home/msk/db/Train_NH90 Coulisseau.CATPart
99.12.24 07:46 B D:\MSK\Demo_V5\Train_NH90\Entrtoise.CATPart --> msk /home/msk/db/Train_NH90 Entrtoise.CATPart
99.12.24 07:46 B D:\MSK\Demo_V5\Train_NH90\fixation_etroite.CATPart --> msk /home/msk/db/Train_NH90 fixation_etroite.CATPart
99.12.24 07:46 B D:\MSK\Demo_V5\Train_NH90\fixation_large.CATPart --> msk /home/msk/db/Train_NH90 fixation_large.CATPart
99.12.24 07:46 B D:\MSK\Demo_V5\Train_NH90\NH_mecanisme0006.avi --> msk /home/msk/db/Train_NH90 NH_mecanisme0006.avi
99.12.24 07:46 B D:\MSK\Demo_V5\Train_NH90\NH_mode.avi --> msk /home/msk/db/Train_NH90 NH_mode.avi
99.12.24 07:46 B D:\MSK\Demo_V5\Train_NH90\Train_assemble.CATProduct --> msk /home/msk/db/Train_NH90 Train_assemble.CATProduct
99.12.24 07:46 B D:\MSK\Demo_V5\Train_NH90\Verin_interieur.CATPart --> msk /home/msk/db/Train_NH90 Verin_interieur.CATPart
99.12.24 09:31 B D:\MSK\Demo_V5\Train_NH90\assemblage_entre_chape_simplifie.CATProduct --> msk /home/msk/MSK/Demo_V5/Train_NH90 assemblage_entre_chape_simplifie.CATProduct
99.12.24 09:31 B D:\MSK\Demo_V5\Train_NH90\Boulon.CATPart --> msk /home/msk/MSK/Demo_V5/Train_NH90 Boulon.CATPart
99.12.24 09:31 B D:\MSK\Demo_V5\Train_NH90\capture_train_nh90_01.jpg --> msk /home/msk/MSK/Demo_V5/Train_NH90 capture_train_nh90_01.jpg
99.12.24 09:31 B D:\MSK\Demo_V5\Train_NH90\capture_train_nh90_02.jpg --> msk /home/msk/MSK/Demo_V5/Train_NH90 capture_train_nh90_02.jpg
99.12.24 09:31 B D:\MSK\Demo_V5\Train_NH90\capture_train_nh90_03.jpg --> msk /home/msk/MSK/Demo_V5/Train_NH90 capture_train_nh90_03.jpg
99.12.24 09:31 B D:\MSK\Demo_V5\Train_NH90\capture_train_nh90_04.jpg --> msk /home/msk/MSK/Demo_V5/Train_NH90 capture_train_nh90_04.jpg
99.12.24 09:31 B D:\MSK\Demo_V5\Train_NH90\capture_train_nh90_05.jpg --> msk /home/msk/MSK/Demo_V5/Train_NH90 capture_train_nh90_05.jpg
99.12.24 09:31 B D:\MSK\Demo_V5\Train_NH90\Chape.CATPart --> msk /home/msk/MSK/Demo_V5/Train_NH90 Chape.CATPart
99.12.24 09:31 B D:\MSK\Demo_V5\Train_NH90\Coulisseau.CATPart --> msk /home/msk/MSK/Demo_V5/Train_NH90 Coulisseau.CATPart
99.12.24 09:31 B D:\MSK\Demo_V5\Train_NH90\Entrtoise.CATPart --> msk /home/msk/MSK/Demo_V5/Train_NH90 Entrtoise.CATPart
99.12.24 09:31 B D:\MSK\Demo_V5\Train_NH90\fixation_etroite.CATPart --> msk /home/msk/MSK/Demo_V5/Train_NH90 fixation_etroite.CATPart
99.12.24 09:31 B D:\MSK\Demo_V5\Train_NH90\fixation_large.CATPart --> msk /home/msk/MSK/Demo_V5/Train_NH90 fixation_large.CATPart
99.12.24 09:31 B D:\MSK\Demo_V5\Train_NH90\NH_mecanisme0006.avi --> msk /home/msk/MSK/Demo_V5/Train_NH90 NH_mecanisme0006.avi
99.12.24 09:31 B D:\MSK\Demo_V5\Train_NH90\NH_mode.avi --> msk /home/msk/MSK/Demo_V5/Train_NH90 NH_mode.avi
99.12.24 09:31 B D:\MSK\Demo_V5\Train_NH90\Train_assemble.CATProduct --> msk /home/msk/MSK/Demo_V5/Train_NH90 Train_assemble.CATProduct
99.12.24 09:31 B D:\MSK\Demo_V5\Train_NH90\Verin_interieur.CATPart --> msk /home/msk/MSK/Demo_V5/Train_NH90 Verin_interieur.CATPart
99.12.24 09:31 B D:\MSK\Demo_V5\Train_NH90\WS_FTP.LOG --> msk /home/msk/MSK/Demo_V5/Train_NH90 WS_FTP.LOG
100.01.13 09:34 B D:\MSK\Demo_V5\Train_NH90\assemblage_entre_chape_simplifie.CATProduct --> msk /home/msk/db/Demo_V5/Train_NH90 assemblage_entre_chape_simplifie.CATProduct
100.01.13 09:34 B D:\MSK\Demo_V5\Train_NH90\Boulon.CATPart --> msk /home/msk/db/Demo_V5/Train_NH90 Boulon.CATPart
100.01.13 09:34 B D:\MSK\Demo_V5\Train_NH90\capture_train_nh90_01.jpg --> msk /home/msk/db/Demo_V5/Train_NH90 capture_train_nh90_01.jpg
100.01.13 09:34 B D:\MSK\Demo_V5\Train_NH90\capture_train_nh90_02.jpg --> msk /home/msk/db/Demo_V5/Train_NH90 capture_train_nh90_02.jpg
100.01.13 09:34 B D:\MSK\Demo_V5\Train_NH90\capture_train_nh90_03.jpg --> msk /home/msk/db/Demo_V5/Train_NH90 capture_train_nh90_03.jpg
100.01.13 09:34 B D:\MSK\Demo_V5\Train_NH90\capture_train_nh90_04.jpg --> msk /home/msk/db/Demo_V5/Train_NH90 capture_train_nh90_04.jpg
100.01.13 09:34 B D:\MSK\Demo_V5\Train_NH90\capture_train_nh90_05.jpg --> msk /home/msk/db/Demo_V5/Train_NH90 capture_train_nh90_05.jpg
100.01.13 09:34 B D:\MSK\Demo_V5\Train_NH90\Chape.CATPart --> msk /home/msk/db/Demo_V5/Train_NH90 Chape.CATPart
100.01.13 09:34 B D:\MSK\Demo_V5\Train_NH90\Coulisseau.CATPart --> msk /home/msk/db/Demo_V5/Train_NH90 Coulisseau.CATPart
100.01.13 09:34 B D:\MSK\Demo_V5\Train_NH90\Entrtoise.CATPart --> msk /home/msk/db/Demo_V5/Train_NH90 Entrtoise.CATPart
100.01.13 09:34 B D:\MSK\Demo_V5\Train_NH90\fixation_etroite.CATPart --> msk /home/msk/db/Demo_V5/Train_NH90 fixation_etroite.CATPart
100.01.13 09:34 B D:\MSK\Demo_V5\Train_NH90\fixation_large.CATPart --> msk /home/msk/db/Demo_V5/Train_NH90 fixation_large.CATPart
100.01.13 09:34 B D:\MSK\Demo_V5\Train_NH90\NH_mecanisme0006.avi --> msk /home/msk/db/Demo_V5/Train_NH90 NH_mecanisme0006.avi
100.01.13 09:34 B D:\MSK\Demo_V5\Train_NH90\NH_mode.avi --> msk /home/msk/db/Demo_V5/Train_NH90 NH_mode.avi
100.01.13 09:34 B D:\MSK\Demo_V5\Train_NH90\Train_assemble.CATProduct --> msk /home/msk/db/Demo_V5/Train_NH90 Train_assemble.CATProduct
100.01.13 09:34 B D:\MSK\Demo_V5\Train_NH90\Verin_interieur.CATPart --> msk /home/msk/db/Demo_V5/Train_NH90 Verin_interieur.CATPart
